<?xml version="1.0" encoding="utf-8"?>
<TestRun id="07a1d07c-72d9-4ec1-b61c-2393a13753f9" name="NethmaWimalasuriya@NETHMA 2023-02-26 11:46:19" runUser="AzureAD\NethmaWimalasuriya" xmlns="http://microsoft.com/schemas/VisualStudio/TeamTest/2010">
  <Times creation="2023-02-26T11:46:19.6817429+00:00" queuing="2023-02-26T11:46:19.6817430+00:00" start="2023-02-26T11:46:08.0164338+00:00" finish="2023-02-26T11:46:31.0612178+00:00" />
  <TestSettings name="default" id="af718449-9808-4382-9eb9-729ec5c4d46b">
    <Deployment runDeploymentRoot="NethmaWimalasuriya_NETHMA_2023-02-26_11_46_19" />
  </TestSettings>
  <Results>
    <UnitTestResult executionId="220c6b72-2078-4a1e-9a6e-8d8b921b309d" testId="c422f37e-cfcc-9883-cf3d-a2be03938301" testName="TestCase1" computerName="NETHMA" duration="00:00:11.1273280" startTime="2023-02-26T11:46:08.5171350+00:00" endTime="2023-02-26T11:46:19.6444154+00:00" testType="13cdc9d9-ddb5-4fa4-a97d-d965ccfc6d4b" outcome="Failed" testListId="8c84fa94-04c1-424b-9868-57a2d4851a1d" relativeResultsDirectory="220c6b72-2078-4a1e-9a6e-8d8b921b309d">
      <Output>
        <StdOut>d&#xD;
Firefox Browser has opened</StdOut>
        <ErrorInfo>
          <Message>System.ArgumentNullException : text cannot be null (Parameter 'text')</Message>
          <StackTrace>   at OpenQA.Selenium.WebElement.SendKeys(String text)&#xD;
   at e_Commerce.Final.Project.POMClasses.RegisterNewUserPOM.SetEmailAddress() in C:\Users\NethmaWimalasuriya\source\repos\e-Commerce.Final.Project\e-Commerce.Final.Project\POMClasses\RegisterNewUserPOM.cs:line 40&#xD;
   at e_Commerce.Final.Project.TestCaseOne.TestCase1() in C:\Users\NethmaWimalasuriya\source\repos\e-Commerce.Final.Project\e-Commerce.Final.Project\TestCases\TestCaseOne.cs:line 32
</StackTrace>
        </ErrorInfo>
      </Output>
    </UnitTestResult>
    <UnitTestResult executionId="fc9d7a2f-4251-4ab9-ac7e-3149dd103e28" testId="b79925cd-5a66-88ea-ec63-5bfca20dd92e" testName="TestCase2" computerName="NETHMA" duration="00:00:11.3631640" startTime="2023-02-26T11:46:19.6476954+00:00" endTime="2023-02-26T11:46:31.0108585+00:00" testType="13cdc9d9-ddb5-4fa4-a97d-d965ccfc6d4b" outcome="Failed" testListId="8c84fa94-04c1-424b-9868-57a2d4851a1d" relativeResultsDirectory="fc9d7a2f-4251-4ab9-ac7e-3149dd103e28">
      <Output>
        <StdOut>d&#xD;
Firefox Browser has opened&#xD;
Attempt to login a registered user</StdOut>
        <ErrorInfo>
          <Message>System.ArgumentNullException : text cannot be null (Parameter 'text')</Message>
          <StackTrace>   at OpenQA.Selenium.WebElement.SendKeys(String text)&#xD;
   at e_Commerce.Final.Project.POMClasses.LogInPOM.SetUsername() in C:\Users\NethmaWimalasuriya\source\repos\e-Commerce.Final.Project\e-Commerce.Final.Project\POMClasses\LogInPOM.cs:line 40&#xD;
   at e_Commerce.Final.Project.TestCases.TestCaseTwo.TestCase2() in C:\Users\NethmaWimalasuriya\source\repos\e-Commerce.Final.Project\e-Commerce.Final.Project\TestCases\TestCaseTwo.cs:line 29
</StackTrace>
        </ErrorInfo>
      </Output>
    </UnitTestResult>
  </Results>
  <TestDefinitions>
    <UnitTest name="TestCase1" storage="c:\users\nethmawimalasuriya\source\repos\e-commerce.final.project\e-commerce.final.project\bin\debug\net6.0\e-commerce.final.project.dll" id="c422f37e-cfcc-9883-cf3d-a2be03938301">
      <Execution id="220c6b72-2078-4a1e-9a6e-8d8b921b309d" />
      <TestMethod codeBase="C:\Users\NethmaWimalasuriya\source\repos\e-Commerce.Final.Project\e-Commerce.Final.Project\bin\Debug\net6.0\e-Commerce.Final.Project.dll" adapterTypeName="executor://nunit3testexecutor/" className="e_Commerce.Final.Project.TestCaseOne" name="TestCase1" />
    </UnitTest>
    <UnitTest name="TestCase2" storage="c:\users\nethmawimalasuriya\source\repos\e-commerce.final.project\e-commerce.final.project\bin\debug\net6.0\e-commerce.final.project.dll" id="b79925cd-5a66-88ea-ec63-5bfca20dd92e">
      <Execution id="fc9d7a2f-4251-4ab9-ac7e-3149dd103e28" />
      <TestMethod codeBase="C:\Users\NethmaWimalasuriya\source\repos\e-Commerce.Final.Project\e-Commerce.Final.Project\bin\Debug\net6.0\e-Commerce.Final.Project.dll" adapterTypeName="executor://nunit3testexecutor/" className="e_Commerce.Final.Project.TestCases.TestCaseTwo" name="TestCase2" />
    </UnitTest>
  </TestDefinitions>
  <TestEntries>
    <TestEntry testId="c422f37e-cfcc-9883-cf3d-a2be03938301" executionId="220c6b72-2078-4a1e-9a6e-8d8b921b309d" testListId="8c84fa94-04c1-424b-9868-57a2d4851a1d" />
    <TestEntry testId="b79925cd-5a66-88ea-ec63-5bfca20dd92e" executionId="fc9d7a2f-4251-4ab9-ac7e-3149dd103e28" testListId="8c84fa94-04c1-424b-9868-57a2d4851a1d" />
  </TestEntries>
  <TestLists>
    <TestList name="Results Not in a List" id="8c84fa94-04c1-424b-9868-57a2d4851a1d" />
    <TestList name="All Loaded Results" id="19431567-8539-422a-85d7-44ee4e166bda" />
  </TestLists>
  <ResultSummary outcome="Failed">
    <Counters total="2" executed="2" passed="0" failed="2" error="0" timeout="0" aborted="0" inconclusive="0" passedButRunAborted="0" notRunnable="0" notExecuted="0" disconnected="0" warning="0" completed="0" inProgress="0" pending="0" />
    <Output>
      <StdOut>NUnit Adapter 4.3.1.0: Test execution started&#xD;
Running all tests in C:\Users\NethmaWimalasuriya\source\repos\e-Commerce.Final.Project\e-Commerce.Final.Project\bin\Debug\net6.0\e-Commerce.Final.Project.dll&#xD;
   NUnit3TestExecutor discovered 2 of 2 NUnit test cases using Current Discovery mode, Non-Explicit run&#xD;
NUnit Adapter 4.3.1.0: Test execution complete&#xD;
</StdOut>
    </Output>
    <RunInfos>
      <RunInfo computerName="NETHMA" outcome="Warning" timestamp="2023-02-26T11:46:19.6615278+00:00">
        <Text>d&#xD;
Firefox Browser has opened&#xD;
</Text>
      </RunInfo>
      <RunInfo computerName="NETHMA" outcome="Warning" timestamp="2023-02-26T11:46:31.0116779+00:00">
        <Text>d&#xD;
Firefox Browser has opened&#xD;
Attempt to login a registered user&#xD;
</Text>
      </RunInfo>
    </RunInfos>
  </ResultSummary>
</TestRun>