<?xml version="1.0" encoding="utf-8"?>
<TestRun id="a9ca7786-7fa9-45a8-bd17-2a946464e6b4" name="NethmaWimalasuriya@NETHMA 2023-02-26 13:52:55" runUser="AzureAD\NethmaWimalasuriya" xmlns="http://microsoft.com/schemas/VisualStudio/TeamTest/2010">
  <Times creation="2023-02-26T13:52:55.0938080+00:00" queuing="2023-02-26T13:52:55.0938085+00:00" start="2023-02-26T13:51:57.6901691+00:00" finish="2023-02-26T13:54:33.9999136+00:00" />
  <TestSettings name="default" id="25c42ceb-4d23-4823-9e9f-6ab45ffab5fd">
    <Deployment runDeploymentRoot="NethmaWimalasuriya_NETHMA_2023-02-26_13_52_55" />
  </TestSettings>
  <Results>
    <UnitTestResult executionId="a3df34c4-0e88-461b-8ffc-efa99bd9ac49" testId="b79925cd-5a66-88ea-ec63-5bfca20dd92e" testName="TestCase2" computerName="NETHMA" duration="00:01:38.8628380" startTime="2023-02-26T13:52:54.9841912+00:00" endTime="2023-02-26T13:54:33.8470280+00:00" testType="13cdc9d9-ddb5-4fa4-a97d-d965ccfc6d4b" outcome="Failed" testListId="8c84fa94-04c1-424b-9868-57a2d4851a1d" relativeResultsDirectory="a3df34c4-0e88-461b-8ffc-efa99bd9ac49">
      <Output>
        <StdOut>d&#xD;
Firefox Browser has opened</StdOut>
        <ErrorInfo>
          <Message>OpenQA.Selenium.WebDriverException : The HTTP request to the remote WebDriver server for URL http://localhost:49723/session/85f7e2f7-ec97-404e-b5f5-19d0de3c6cf3/url timed out after 60 seconds.&#xD;
  ----&gt; System.Threading.Tasks.TaskCanceledException : The request was canceled due to the configured HttpClient.Timeout of 60 seconds elapsing.&#xD;
  ----&gt; System.TimeoutException : The operation was canceled.&#xD;
  ----&gt; System.Threading.Tasks.TaskCanceledException : The operation was canceled.&#xD;
  ----&gt; System.IO.IOException : Unable to read data from the transport connection: The I/O operation has been aborted because of either a thread exit or an application request..&#xD;
  ----&gt; System.Net.Sockets.SocketException : The I/O operation has been aborted because of either a thread exit or an application request.</Message>
          <StackTrace>   at OpenQA.Selenium.Remote.HttpCommandExecutor.Execute(Command commandToExecute)&#xD;
   at OpenQA.Selenium.Remote.DriverServiceCommandExecutor.Execute(Command commandToExecute)&#xD;
   at OpenQA.Selenium.WebDriver.Execute(String driverCommandToExecute, Dictionary`2 parameters)&#xD;
   at OpenQA.Selenium.WebDriver.set_Url(String value)&#xD;
   at e_Commerce.Final.Project.TestCases.TestCaseTwo.TestCase2() in C:\Users\NethmaWimalasuriya\source\repos\e-Commerce.Final.Project\e-Commerce.Final.Project\TestCases\TestCaseTwo.cs:line 21&#xD;
--TaskCanceledException&#xD;
   at System.Net.Http.HttpClient.HandleFailure(Exception e, Boolean telemetryStarted, HttpResponseMessage response, CancellationTokenSource cts, CancellationToken cancellationToken, CancellationTokenSource pendingRequestsCts)&#xD;
   at System.Net.Http.HttpClient.&lt;SendAsync&gt;g__Core|83_0(HttpRequestMessage request, HttpCompletionOption completionOption, CancellationTokenSource cts, Boolean disposeCts, CancellationTokenSource pendingRequestsCts, CancellationToken originalCancellationToken)&#xD;
   at OpenQA.Selenium.Remote.HttpCommandExecutor.MakeHttpRequest(HttpRequestInfo requestInfo)&#xD;
   at OpenQA.Selenium.Remote.HttpCommandExecutor.Execute(Command commandToExecute)&#xD;
--TimeoutException&#xD;
&#xD;
--TaskCanceledException&#xD;
   at System.Net.Http.HttpConnection.SendAsyncCore(HttpRequestMessage request, Boolean async, CancellationToken cancellationToken)&#xD;
   at System.Net.Http.HttpConnectionPool.SendWithVersionDetectionAndRetryAsync(HttpRequestMessage request, Boolean async, Boolean doRequestAuth, CancellationToken cancellationToken)&#xD;
   at System.Net.Http.RedirectHandler.SendAsync(HttpRequestMessage request, Boolean async, CancellationToken cancellationToken)&#xD;
   at System.Net.Http.HttpClient.&lt;SendAsync&gt;g__Core|83_0(HttpRequestMessage request, HttpCompletionOption completionOption, CancellationTokenSource cts, Boolean disposeCts, CancellationTokenSource pendingRequestsCts, CancellationToken originalCancellationToken)&#xD;
--IOException&#xD;
   at System.Net.Sockets.Socket.AwaitableSocketAsyncEventArgs.ThrowException(SocketError error, CancellationToken cancellationToken)&#xD;
   at System.Net.Sockets.Socket.AwaitableSocketAsyncEventArgs.System.Threading.Tasks.Sources.IValueTaskSource&lt;System.Int32&gt;.GetResult(Int16 token)&#xD;
   at System.Net.Http.HttpConnection.SendAsyncCore(HttpRequestMessage request, Boolean async, CancellationToken cancellationToken)&#xD;
--SocketException&#xD;

</StackTrace>
        </ErrorInfo>
      </Output>
    </UnitTestResult>
    <UnitTestResult executionId="815b0e58-5402-4ff0-b3d8-a29ee1efe671" testId="c422f37e-cfcc-9883-cf3d-a2be03938301" testName="TestCase1" computerName="NETHMA" duration="00:00:56.2620800" startTime="2023-02-26T13:51:58.7123791+00:00" endTime="2023-02-26T13:52:54.9742694+00:00" testType="13cdc9d9-ddb5-4fa4-a97d-d965ccfc6d4b" outcome="Passed" testListId="8c84fa94-04c1-424b-9868-57a2d4851a1d" relativeResultsDirectory="815b0e58-5402-4ff0-b3d8-a29ee1efe671">
      <Output>
        <StdOut>d&#xD;
Firefox Browser has opened&#xD;
New User registered successfully&#xD;
Attempt to login a registered user&#xD;
Login Success&#xD;
Starting search for an item of clothing&#xD;
Scrolling down to view the list of products&#xD;
The selected item of clothing (Belt) has been added to the Cart&#xD;
The coupon has been applied&#xD;
The correct discount has been applied - £8.25 has been deducted&#xD;
The total amount charged (including shipping costs and coupon discount) is correct&#xD;
Successfully logged out&#xD;
Cart is cleared</StdOut>
      </Output>
    </UnitTestResult>
  </Results>
  <TestDefinitions>
    <UnitTest name="TestCase1" storage="c:\users\nethmawimalasuriya\source\repos\e-commerce.final.project\e-commerce.final.project\bin\debug\net6.0\e-commerce.final.project.dll" id="c422f37e-cfcc-9883-cf3d-a2be03938301">
      <Execution id="815b0e58-5402-4ff0-b3d8-a29ee1efe671" />
      <TestMethod codeBase="C:\Users\NethmaWimalasuriya\source\repos\e-Commerce.Final.Project\e-Commerce.Final.Project\bin\Debug\net6.0\e-Commerce.Final.Project.dll" adapterTypeName="executor://nunit3testexecutor/" className="e_Commerce.Final.Project.TestCaseOne" name="TestCase1" />
    </UnitTest>
    <UnitTest name="TestCase2" storage="c:\users\nethmawimalasuriya\source\repos\e-commerce.final.project\e-commerce.final.project\bin\debug\net6.0\e-commerce.final.project.dll" id="b79925cd-5a66-88ea-ec63-5bfca20dd92e">
      <Execution id="a3df34c4-0e88-461b-8ffc-efa99bd9ac49" />
      <TestMethod codeBase="C:\Users\NethmaWimalasuriya\source\repos\e-Commerce.Final.Project\e-Commerce.Final.Project\bin\Debug\net6.0\e-Commerce.Final.Project.dll" adapterTypeName="executor://nunit3testexecutor/" className="e_Commerce.Final.Project.TestCases.TestCaseTwo" name="TestCase2" />
    </UnitTest>
  </TestDefinitions>
  <TestEntries>
    <TestEntry testId="b79925cd-5a66-88ea-ec63-5bfca20dd92e" executionId="a3df34c4-0e88-461b-8ffc-efa99bd9ac49" testListId="8c84fa94-04c1-424b-9868-57a2d4851a1d" />
    <TestEntry testId="c422f37e-cfcc-9883-cf3d-a2be03938301" executionId="815b0e58-5402-4ff0-b3d8-a29ee1efe671" testListId="8c84fa94-04c1-424b-9868-57a2d4851a1d" />
  </TestEntries>
  <TestLists>
    <TestList name="Results Not in a List" id="8c84fa94-04c1-424b-9868-57a2d4851a1d" />
    <TestList name="All Loaded Results" id="19431567-8539-422a-85d7-44ee4e166bda" />
  </TestLists>
  <ResultSummary outcome="Failed">
    <Counters total="2" executed="2" passed="1" failed="1" error="0" timeout="0" aborted="0" inconclusive="0" passedButRunAborted="0" notRunnable="0" notExecuted="0" disconnected="0" warning="0" completed="0" inProgress="0" pending="0" />
    <Output>
      <StdOut>NUnit Adapter 4.3.1.0: Test execution started&#xD;
Running all tests in C:\Users\NethmaWimalasuriya\source\repos\e-Commerce.Final.Project\e-Commerce.Final.Project\bin\Debug\net6.0\e-Commerce.Final.Project.dll&#xD;
   NUnit3TestExecutor discovered 2 of 2 NUnit test cases using Current Discovery mode, Non-Explicit run&#xD;
NUnit Adapter 4.3.1.0: Test execution complete&#xD;
</StdOut>
    </Output>
    <RunInfos>
      <RunInfo computerName="NETHMA" outcome="Warning" timestamp="2023-02-26T13:52:55.0261655+00:00">
        <Text>d&#xD;
Firefox Browser has opened&#xD;
New User registered successfully&#xD;
Attempt to login a registered user&#xD;
Login Success&#xD;
Starting search for an item of clothing&#xD;
Scrolling down to view the list of products&#xD;
The selected item of clothing (Belt) has been added to the Cart&#xD;
The coupon has been applied&#xD;
The correct discount has been applied - £8.25 has been deducted&#xD;
The total amount charged (including shipping costs and coupon discount) is correct&#xD;
Successfully logged out&#xD;
Cart is cleared&#xD;
</Text>
      </RunInfo>
      <RunInfo computerName="NETHMA" outcome="Warning" timestamp="2023-02-26T13:54:33.8519060+00:00">
        <Text>d&#xD;
Firefox Browser has opened&#xD;
</Text>
      </RunInfo>
    </RunInfos>
  </ResultSummary>
</TestRun>