<?xml version="1.0" encoding="utf-8"?>
<TestRun id="0506adaf-eabc-41bc-bab9-90ea0acd1d54" name="NethmaWimalasuriya@NETHMA 2023-02-26 11:49:36" runUser="AzureAD\NethmaWimalasuriya" xmlns="http://microsoft.com/schemas/VisualStudio/TeamTest/2010">
  <Times creation="2023-02-26T11:49:36.2897284+00:00" queuing="2023-02-26T11:49:36.2897286+00:00" start="2023-02-26T11:49:23.4620664+00:00" finish="2023-02-26T11:49:47.6269234+00:00" />
  <TestSettings name="default" id="334992a5-9b3b-42fd-b746-4b1506c1a42e">
    <Deployment runDeploymentRoot="NethmaWimalasuriya_NETHMA_2023-02-26_11_49_36" />
  </TestSettings>
  <Results>
    <UnitTestResult executionId="7583f700-98f6-4cd4-a3cb-6cde7ed981c7" testId="c422f37e-cfcc-9883-cf3d-a2be03938301" testName="TestCase1" computerName="NETHMA" duration="00:00:12.2922760" startTime="2023-02-26T11:49:23.9600967+00:00" endTime="2023-02-26T11:49:36.2522631+00:00" testType="13cdc9d9-ddb5-4fa4-a97d-d965ccfc6d4b" outcome="Failed" testListId="8c84fa94-04c1-424b-9868-57a2d4851a1d" relativeResultsDirectory="7583f700-98f6-4cd4-a3cb-6cde7ed981c7">
      <Output>
        <StdOut>d&#xD;
Firefox Browser has opened</StdOut>
        <ErrorInfo>
          <Message>System.ArgumentNullException : text cannot be null (Parameter 'text')</Message>
          <StackTrace>   at OpenQA.Selenium.WebElement.SendKeys(String text)&#xD;
   at e_Commerce.Final.Project.POMClasses.RegisterNewUserPOM.SetEmailAddress() in C:\Users\NethmaWimalasuriya\source\repos\e-Commerce.Final.Project\e-Commerce.Final.Project\POMClasses\RegisterNewUserPOM.cs:line 40&#xD;
   at e_Commerce.Final.Project.TestCaseOne.TestCase1() in C:\Users\NethmaWimalasuriya\source\repos\e-Commerce.Final.Project\e-Commerce.Final.Project\TestCases\TestCaseOne.cs:line 32
</StackTrace>
        </ErrorInfo>
      </Output>
    </UnitTestResult>
    <UnitTestResult executionId="6c7688a1-4d84-4802-898f-66a3cc18e1e8" testId="b79925cd-5a66-88ea-ec63-5bfca20dd92e" testName="TestCase2" computerName="NETHMA" duration="00:00:11.3154920" startTime="2023-02-26T11:49:36.2565796+00:00" endTime="2023-02-26T11:49:47.5720711+00:00" testType="13cdc9d9-ddb5-4fa4-a97d-d965ccfc6d4b" outcome="Failed" testListId="8c84fa94-04c1-424b-9868-57a2d4851a1d" relativeResultsDirectory="6c7688a1-4d84-4802-898f-66a3cc18e1e8">
      <Output>
        <StdOut>d&#xD;
Firefox Browser has opened&#xD;
Attempt to login a registered user</StdOut>
        <ErrorInfo>
          <Message>System.ArgumentNullException : text cannot be null (Parameter 'text')</Message>
          <StackTrace>   at OpenQA.Selenium.WebElement.SendKeys(String text)&#xD;
   at e_Commerce.Final.Project.POMClasses.LogInPOM.SetUsername() in C:\Users\NethmaWimalasuriya\source\repos\e-Commerce.Final.Project\e-Commerce.Final.Project\POMClasses\LogInPOM.cs:line 40&#xD;
   at e_Commerce.Final.Project.TestCases.TestCaseTwo.TestCase2() in C:\Users\NethmaWimalasuriya\source\repos\e-Commerce.Final.Project\e-Commerce.Final.Project\TestCases\TestCaseTwo.cs:line 29
</StackTrace>
        </ErrorInfo>
      </Output>
    </UnitTestResult>
  </Results>
  <TestDefinitions>
    <UnitTest name="TestCase1" storage="c:\users\nethmawimalasuriya\source\repos\e-commerce.final.project\e-commerce.final.project\bin\debug\net6.0\e-commerce.final.project.dll" id="c422f37e-cfcc-9883-cf3d-a2be03938301">
      <Execution id="7583f700-98f6-4cd4-a3cb-6cde7ed981c7" />
      <TestMethod codeBase="C:\Users\NethmaWimalasuriya\source\repos\e-Commerce.Final.Project\e-Commerce.Final.Project\bin\Debug\net6.0\e-Commerce.Final.Project.dll" adapterTypeName="executor://nunit3testexecutor/" className="e_Commerce.Final.Project.TestCaseOne" name="TestCase1" />
    </UnitTest>
    <UnitTest name="TestCase2" storage="c:\users\nethmawimalasuriya\source\repos\e-commerce.final.project\e-commerce.final.project\bin\debug\net6.0\e-commerce.final.project.dll" id="b79925cd-5a66-88ea-ec63-5bfca20dd92e">
      <Execution id="6c7688a1-4d84-4802-898f-66a3cc18e1e8" />
      <TestMethod codeBase="C:\Users\NethmaWimalasuriya\source\repos\e-Commerce.Final.Project\e-Commerce.Final.Project\bin\Debug\net6.0\e-Commerce.Final.Project.dll" adapterTypeName="executor://nunit3testexecutor/" className="e_Commerce.Final.Project.TestCases.TestCaseTwo" name="TestCase2" />
    </UnitTest>
  </TestDefinitions>
  <TestEntries>
    <TestEntry testId="c422f37e-cfcc-9883-cf3d-a2be03938301" executionId="7583f700-98f6-4cd4-a3cb-6cde7ed981c7" testListId="8c84fa94-04c1-424b-9868-57a2d4851a1d" />
    <TestEntry testId="b79925cd-5a66-88ea-ec63-5bfca20dd92e" executionId="6c7688a1-4d84-4802-898f-66a3cc18e1e8" testListId="8c84fa94-04c1-424b-9868-57a2d4851a1d" />
  </TestEntries>
  <TestLists>
    <TestList name="Results Not in a List" id="8c84fa94-04c1-424b-9868-57a2d4851a1d" />
    <TestList name="All Loaded Results" id="19431567-8539-422a-85d7-44ee4e166bda" />
  </TestLists>
  <ResultSummary outcome="Failed">
    <Counters total="2" executed="2" passed="0" failed="2" error="0" timeout="0" aborted="0" inconclusive="0" passedButRunAborted="0" notRunnable="0" notExecuted="0" disconnected="0" warning="0" completed="0" inProgress="0" pending="0" />
    <Output>
      <StdOut>NUnit Adapter 4.3.1.0: Test execution started&#xD;
Running all tests in C:\Users\NethmaWimalasuriya\source\repos\e-Commerce.Final.Project\e-Commerce.Final.Project\bin\Debug\net6.0\e-Commerce.Final.Project.dll&#xD;
   NUnit3TestExecutor discovered 2 of 2 NUnit test cases using Current Discovery mode, Non-Explicit run&#xD;
NUnit Adapter 4.3.1.0: Test execution complete&#xD;
</StdOut>
    </Output>
    <RunInfos>
      <RunInfo computerName="NETHMA" outcome="Warning" timestamp="2023-02-26T11:49:36.2698437+00:00">
        <Text>d&#xD;
Firefox Browser has opened&#xD;
</Text>
      </RunInfo>
      <RunInfo computerName="NETHMA" outcome="Warning" timestamp="2023-02-26T11:49:47.5729361+00:00">
        <Text>d&#xD;
Firefox Browser has opened&#xD;
Attempt to login a registered user&#xD;
</Text>
      </RunInfo>
    </RunInfos>
  </ResultSummary>
</TestRun>