<?xml version="1.0" encoding="utf-8"?>
<TestRun id="28d77c9c-03e9-488a-ab15-13bc9674318b" name="NethmaWimalasuriya@NETHMA 2023-02-26 12:20:05" runUser="AzureAD\NethmaWimalasuriya" xmlns="http://microsoft.com/schemas/VisualStudio/TeamTest/2010">
  <Times creation="2023-02-26T12:20:05.0045242+00:00" queuing="2023-02-26T12:20:05.0045244+00:00" start="2023-02-26T12:19:51.9144112+00:00" finish="2023-02-26T12:20:18.1960042+00:00" />
  <TestSettings name="default" id="9248d43b-a535-4e13-aa3a-fdf811a13708">
    <Deployment runDeploymentRoot="NethmaWimalasuriya_NETHMA_2023-02-26_12_20_05" />
  </TestSettings>
  <Results>
    <UnitTestResult executionId="7f2bf7e4-ca5d-40ba-b037-58f2d9896225" testId="c422f37e-cfcc-9883-cf3d-a2be03938301" testName="TestCase1" computerName="NETHMA" duration="00:00:12.5170780" startTime="2023-02-26T12:19:52.4397243+00:00" endTime="2023-02-26T12:20:04.9567345+00:00" testType="13cdc9d9-ddb5-4fa4-a97d-d965ccfc6d4b" outcome="Failed" testListId="8c84fa94-04c1-424b-9868-57a2d4851a1d" relativeResultsDirectory="7f2bf7e4-ca5d-40ba-b037-58f2d9896225">
      <Output>
        <StdOut>d&#xD;
Firefox Browser has opened</StdOut>
        <ErrorInfo>
          <Message>System.ArgumentNullException : text cannot be null (Parameter 'text')</Message>
          <StackTrace>   at OpenQA.Selenium.WebElement.SendKeys(String text)&#xD;
   at e_Commerce.Final.Project.POMClasses.RegisterNewUserPOM.SetEmailAddress() in C:\Users\NethmaWimalasuriya\source\repos\e-Commerce.Final.Project\e-Commerce.Final.Project\POMClasses\RegisterNewUserPOM.cs:line 40&#xD;
   at e_Commerce.Final.Project.TestCaseOne.TestCase1() in C:\Users\NethmaWimalasuriya\source\repos\e-Commerce.Final.Project\e-Commerce.Final.Project\TestCases\TestCaseOne.cs:line 32
</StackTrace>
        </ErrorInfo>
      </Output>
    </UnitTestResult>
    <UnitTestResult executionId="74bb58ce-6e9c-47ab-ab58-4f1fb58b88d6" testId="b79925cd-5a66-88ea-ec63-5bfca20dd92e" testName="TestCase2" computerName="NETHMA" duration="00:00:13.1780890" startTime="2023-02-26T12:20:04.9604763+00:00" endTime="2023-02-26T12:20:18.1385644+00:00" testType="13cdc9d9-ddb5-4fa4-a97d-d965ccfc6d4b" outcome="Failed" testListId="8c84fa94-04c1-424b-9868-57a2d4851a1d" relativeResultsDirectory="74bb58ce-6e9c-47ab-ab58-4f1fb58b88d6">
      <Output>
        <StdOut>d&#xD;
Firefox Browser has opened&#xD;
Attempt to login a registered user</StdOut>
        <ErrorInfo>
          <Message>System.ArgumentNullException : text cannot be null (Parameter 'text')</Message>
          <StackTrace>   at OpenQA.Selenium.WebElement.SendKeys(String text)&#xD;
   at e_Commerce.Final.Project.POMClasses.LogInPOM.SetUsername() in C:\Users\NethmaWimalasuriya\source\repos\e-Commerce.Final.Project\e-Commerce.Final.Project\POMClasses\LogInPOM.cs:line 40&#xD;
   at e_Commerce.Final.Project.TestCases.TestCaseTwo.TestCase2() in C:\Users\NethmaWimalasuriya\source\repos\e-Commerce.Final.Project\e-Commerce.Final.Project\TestCases\TestCaseTwo.cs:line 29
</StackTrace>
        </ErrorInfo>
      </Output>
    </UnitTestResult>
  </Results>
  <TestDefinitions>
    <UnitTest name="TestCase1" storage="c:\users\nethmawimalasuriya\source\repos\e-commerce.final.project\e-commerce.final.project\bin\debug\net6.0\e-commerce.final.project.dll" id="c422f37e-cfcc-9883-cf3d-a2be03938301">
      <Execution id="7f2bf7e4-ca5d-40ba-b037-58f2d9896225" />
      <TestMethod codeBase="C:\Users\NethmaWimalasuriya\source\repos\e-Commerce.Final.Project\e-Commerce.Final.Project\bin\Debug\net6.0\e-Commerce.Final.Project.dll" adapterTypeName="executor://nunit3testexecutor/" className="e_Commerce.Final.Project.TestCaseOne" name="TestCase1" />
    </UnitTest>
    <UnitTest name="TestCase2" storage="c:\users\nethmawimalasuriya\source\repos\e-commerce.final.project\e-commerce.final.project\bin\debug\net6.0\e-commerce.final.project.dll" id="b79925cd-5a66-88ea-ec63-5bfca20dd92e">
      <Execution id="74bb58ce-6e9c-47ab-ab58-4f1fb58b88d6" />
      <TestMethod codeBase="C:\Users\NethmaWimalasuriya\source\repos\e-Commerce.Final.Project\e-Commerce.Final.Project\bin\Debug\net6.0\e-Commerce.Final.Project.dll" adapterTypeName="executor://nunit3testexecutor/" className="e_Commerce.Final.Project.TestCases.TestCaseTwo" name="TestCase2" />
    </UnitTest>
  </TestDefinitions>
  <TestEntries>
    <TestEntry testId="c422f37e-cfcc-9883-cf3d-a2be03938301" executionId="7f2bf7e4-ca5d-40ba-b037-58f2d9896225" testListId="8c84fa94-04c1-424b-9868-57a2d4851a1d" />
    <TestEntry testId="b79925cd-5a66-88ea-ec63-5bfca20dd92e" executionId="74bb58ce-6e9c-47ab-ab58-4f1fb58b88d6" testListId="8c84fa94-04c1-424b-9868-57a2d4851a1d" />
  </TestEntries>
  <TestLists>
    <TestList name="Results Not in a List" id="8c84fa94-04c1-424b-9868-57a2d4851a1d" />
    <TestList name="All Loaded Results" id="19431567-8539-422a-85d7-44ee4e166bda" />
  </TestLists>
  <ResultSummary outcome="Failed">
    <Counters total="2" executed="2" passed="0" failed="2" error="0" timeout="0" aborted="0" inconclusive="0" passedButRunAborted="0" notRunnable="0" notExecuted="0" disconnected="0" warning="0" completed="0" inProgress="0" pending="0" />
    <Output>
      <StdOut>NUnit Adapter 4.3.1.0: Test execution started&#xD;
Running all tests in C:\Users\NethmaWimalasuriya\source\repos\e-Commerce.Final.Project\e-Commerce.Final.Project\bin\Debug\net6.0\e-Commerce.Final.Project.dll&#xD;
   NUnit3TestExecutor discovered 2 of 2 NUnit test cases using Current Discovery mode, Non-Explicit run&#xD;
NUnit Adapter 4.3.1.0: Test execution complete&#xD;
</StdOut>
    </Output>
    <RunInfos>
      <RunInfo computerName="NETHMA" outcome="Warning" timestamp="2023-02-26T12:20:04.9818195+00:00">
        <Text>d&#xD;
Firefox Browser has opened&#xD;
</Text>
      </RunInfo>
      <RunInfo computerName="NETHMA" outcome="Warning" timestamp="2023-02-26T12:20:18.1394110+00:00">
        <Text>d&#xD;
Firefox Browser has opened&#xD;
Attempt to login a registered user&#xD;
</Text>
      </RunInfo>
    </RunInfos>
  </ResultSummary>
</TestRun>