<?xml version="1.0" encoding="utf-8"?>
<TestRun id="dee71247-63a0-48cc-ad5e-055d24faef78" name="NethmaWimalasuriya@NETHMA 2023-02-26 13:57:16" runUser="AzureAD\NethmaWimalasuriya" xmlns="http://microsoft.com/schemas/VisualStudio/TeamTest/2010">
  <Times creation="2023-02-26T13:57:16.8922228+00:00" queuing="2023-02-26T13:57:16.8922232+00:00" start="2023-02-26T13:56:21.7128003+00:00" finish="2023-02-26T13:58:15.6135603+00:00" />
  <TestSettings name="default" id="293f324a-c69b-4bf9-824f-65015b102018">
    <Deployment runDeploymentRoot="NethmaWimalasuriya_NETHMA_2023-02-26_13_57_16" />
  </TestSettings>
  <Results>
    <UnitTestResult executionId="aa1288de-c3c6-49e7-a54e-0bcbc0b4ac56" testId="b79925cd-5a66-88ea-ec63-5bfca20dd92e" testName="TestCase2" computerName="NETHMA" duration="00:00:58.6711540" startTime="2023-02-26T13:57:16.7815576+00:00" endTime="2023-02-26T13:58:15.4527111+00:00" testType="13cdc9d9-ddb5-4fa4-a97d-d965ccfc6d4b" outcome="Passed" testListId="8c84fa94-04c1-424b-9868-57a2d4851a1d" relativeResultsDirectory="aa1288de-c3c6-49e7-a54e-0bcbc0b4ac56">
      <Output>
        <StdOut>d&#xD;
Firefox Browser has opened&#xD;
Attempt to login a registered user&#xD;
Login Success&#xD;
Starting search for an item of clothing&#xD;
Scrolling down to view the list of products&#xD;
The selected item of clothing (Hoodie with Pocket) has been added to the Cart&#xD;
Checkout page is displayed&#xD;
All billing details have been correctly inputted&#xD;
Order has successfully been placed&#xD;
Order number is : 4899&#xD;
Screenshot taken - see report&#xD;
Order number is correctly displayed in the orders page under My account&#xD;
User has successfully logged out</StdOut>
      </Output>
      <ResultFiles>
        <ResultFile path="NETHMA\Screenshot-OrderConfirmationPage.png" />
      </ResultFiles>
    </UnitTestResult>
    <UnitTestResult executionId="4bc191ec-c584-4320-a81b-7f761c50f6f4" testId="c422f37e-cfcc-9883-cf3d-a2be03938301" testName="TestCase1" computerName="NETHMA" duration="00:00:54.0309090" startTime="2023-02-26T13:56:22.7413513+00:00" endTime="2023-02-26T13:57:16.7720483+00:00" testType="13cdc9d9-ddb5-4fa4-a97d-d965ccfc6d4b" outcome="Passed" testListId="8c84fa94-04c1-424b-9868-57a2d4851a1d" relativeResultsDirectory="4bc191ec-c584-4320-a81b-7f761c50f6f4">
      <Output>
        <StdOut>d&#xD;
Firefox Browser has opened&#xD;
New User registered successfully&#xD;
Attempt to login a registered user&#xD;
Login Success&#xD;
Starting search for an item of clothing&#xD;
Scrolling down to view the list of products&#xD;
The selected item of clothing (Belt) has been added to the Cart&#xD;
The coupon has been applied&#xD;
The correct discount has been applied - £8.25 has been deducted&#xD;
The total amount charged (including shipping costs and coupon discount) is correct&#xD;
Successfully logged out&#xD;
Cart is cleared</StdOut>
      </Output>
    </UnitTestResult>
  </Results>
  <TestDefinitions>
    <UnitTest name="TestCase1" storage="c:\users\nethmawimalasuriya\source\repos\e-commerce.final.project\e-commerce.final.project\bin\debug\net6.0\e-commerce.final.project.dll" id="c422f37e-cfcc-9883-cf3d-a2be03938301">
      <Execution id="4bc191ec-c584-4320-a81b-7f761c50f6f4" />
      <TestMethod codeBase="C:\Users\NethmaWimalasuriya\source\repos\e-Commerce.Final.Project\e-Commerce.Final.Project\bin\Debug\net6.0\e-Commerce.Final.Project.dll" adapterTypeName="executor://nunit3testexecutor/" className="e_Commerce.Final.Project.TestCaseOne" name="TestCase1" />
    </UnitTest>
    <UnitTest name="TestCase2" storage="c:\users\nethmawimalasuriya\source\repos\e-commerce.final.project\e-commerce.final.project\bin\debug\net6.0\e-commerce.final.project.dll" id="b79925cd-5a66-88ea-ec63-5bfca20dd92e">
      <Execution id="aa1288de-c3c6-49e7-a54e-0bcbc0b4ac56" />
      <TestMethod codeBase="C:\Users\NethmaWimalasuriya\source\repos\e-Commerce.Final.Project\e-Commerce.Final.Project\bin\Debug\net6.0\e-Commerce.Final.Project.dll" adapterTypeName="executor://nunit3testexecutor/" className="e_Commerce.Final.Project.TestCases.TestCaseTwo" name="TestCase2" />
    </UnitTest>
  </TestDefinitions>
  <TestEntries>
    <TestEntry testId="b79925cd-5a66-88ea-ec63-5bfca20dd92e" executionId="aa1288de-c3c6-49e7-a54e-0bcbc0b4ac56" testListId="8c84fa94-04c1-424b-9868-57a2d4851a1d" />
    <TestEntry testId="c422f37e-cfcc-9883-cf3d-a2be03938301" executionId="4bc191ec-c584-4320-a81b-7f761c50f6f4" testListId="8c84fa94-04c1-424b-9868-57a2d4851a1d" />
  </TestEntries>
  <TestLists>
    <TestList name="Results Not in a List" id="8c84fa94-04c1-424b-9868-57a2d4851a1d" />
    <TestList name="All Loaded Results" id="19431567-8539-422a-85d7-44ee4e166bda" />
  </TestLists>
  <ResultSummary outcome="Completed">
    <Counters total="2" executed="2" passed="2" failed="0" error="0" timeout="0" aborted="0" inconclusive="0" passedButRunAborted="0" notRunnable="0" notExecuted="0" disconnected="0" warning="0" completed="0" inProgress="0" pending="0" />
    <Output>
      <StdOut>NUnit Adapter 4.3.1.0: Test execution started&#xD;
Running all tests in C:\Users\NethmaWimalasuriya\source\repos\e-Commerce.Final.Project\e-Commerce.Final.Project\bin\Debug\net6.0\e-Commerce.Final.Project.dll&#xD;
   NUnit3TestExecutor discovered 2 of 2 NUnit test cases using Current Discovery mode, Non-Explicit run&#xD;
NUnit Adapter 4.3.1.0: Test execution complete&#xD;
</StdOut>
    </Output>
    <RunInfos>
      <RunInfo computerName="NETHMA" outcome="Warning" timestamp="2023-02-26T13:57:16.8271600+00:00">
        <Text>d&#xD;
Firefox Browser has opened&#xD;
New User registered successfully&#xD;
Attempt to login a registered user&#xD;
Login Success&#xD;
Starting search for an item of clothing&#xD;
Scrolling down to view the list of products&#xD;
The selected item of clothing (Belt) has been added to the Cart&#xD;
The coupon has been applied&#xD;
The correct discount has been applied - £8.25 has been deducted&#xD;
The total amount charged (including shipping costs and coupon discount) is correct&#xD;
Successfully logged out&#xD;
Cart is cleared&#xD;
</Text>
      </RunInfo>
      <RunInfo computerName="NETHMA" outcome="Warning" timestamp="2023-02-26T13:58:15.4554573+00:00">
        <Text>d&#xD;
Firefox Browser has opened&#xD;
Attempt to login a registered user&#xD;
Login Success&#xD;
Starting search for an item of clothing&#xD;
Scrolling down to view the list of products&#xD;
The selected item of clothing (Hoodie with Pocket) has been added to the Cart&#xD;
Checkout page is displayed&#xD;
All billing details have been correctly inputted&#xD;
Order has successfully been placed&#xD;
Order number is : 4899&#xD;
Screenshot taken - see report&#xD;
Order number is correctly displayed in the orders page under My account&#xD;
User has successfully logged out&#xD;
</Text>
      </RunInfo>
    </RunInfos>
  </ResultSummary>
</TestRun>