<?xml version="1.0" encoding="utf-8"?>
<TestRun id="f34ab2bc-295c-4da9-94d2-cee8c2ac44c1" name="NethmaWimalasuriya@NETHMA 2023-02-27 09:01:46" runUser="AzureAD\NethmaWimalasuriya" xmlns="http://microsoft.com/schemas/VisualStudio/TeamTest/2010">
  <Times creation="2023-02-27T09:01:46.6929513+00:00" queuing="2023-02-27T09:01:46.6929515+00:00" start="2023-02-27T09:00:55.0368162+00:00" finish="2023-02-27T09:02:25.2473452+00:00" />
  <TestSettings name="default" id="e2527827-0a7e-4d7f-8028-89f88e43c368">
    <Deployment runDeploymentRoot="NethmaWimalasuriya_NETHMA_2023-02-27_09_01_46" />
  </TestSettings>
  <Results>
    <UnitTestResult executionId="37cf1b07-9af3-4aa2-bd43-d5fdb2c3e22b" testId="b79925cd-5a66-88ea-ec63-5bfca20dd92e" testName="TestCase2" computerName="NETHMA" duration="00:00:38.5452690" startTime="2023-02-27T09:01:46.6356585+00:00" endTime="2023-02-27T09:02:25.1809264+00:00" testType="13cdc9d9-ddb5-4fa4-a97d-d965ccfc6d4b" outcome="Passed" testListId="8c84fa94-04c1-424b-9868-57a2d4851a1d" relativeResultsDirectory="37cf1b07-9af3-4aa2-bd43-d5fdb2c3e22b">
      <Output>
        <StdOut>Tests reports produced when ran in cmd and developer powershell&#xD;
Firefox Browser has opened&#xD;
Attempt to login a registered user&#xD;
Login Success&#xD;
Starting search for an item of clothing&#xD;
Scrolling down to view the list of products&#xD;
The selected item of clothing (Hoodie with Pocket) has been added to the Cart&#xD;
Checkout page is displayed&#xD;
All billing details have been correctly inputted&#xD;
User has selected preferred payment method - 'check payments'&#xD;
Order has successfully been placed&#xD;
Order number is : 4988&#xD;
Screenshot taken - see report&#xD;
Order number is correctly displayed in the orders page under My account&#xD;
User has successfully logged out</StdOut>
      </Output>
      <ResultFiles>
        <ResultFile path="NETHMA\Screenshot-OrderConfirmationPage.png" />
      </ResultFiles>
    </UnitTestResult>
    <UnitTestResult executionId="c95926fc-1d11-4fdf-a9d1-e826f65464c7" testId="c422f37e-cfcc-9883-cf3d-a2be03938301" testName="TestCase1" computerName="NETHMA" duration="00:00:50.9169140" startTime="2023-02-27T09:00:55.7153841+00:00" endTime="2023-02-27T09:01:46.6322416+00:00" testType="13cdc9d9-ddb5-4fa4-a97d-d965ccfc6d4b" outcome="Passed" testListId="8c84fa94-04c1-424b-9868-57a2d4851a1d" relativeResultsDirectory="c95926fc-1d11-4fdf-a9d1-e826f65464c7">
      <Output>
        <StdOut>Tests reports produced when ran in cmd and developer powershell&#xD;
Firefox Browser has opened&#xD;
New User registered successfully&#xD;
Attempt to login a registered user&#xD;
Login Success&#xD;
On the Shop page&#xD;
Starting search for an item of clothing&#xD;
Scrolling down to view the list of products&#xD;
The selected item of clothing (Belt) has been added to the Cart&#xD;
The coupon has been applied&#xD;
Actual discount calculated should be 8.25&#xD;
The correct discount has been applied - £8.25 has been deducted&#xD;
The total amount charged (including shipping costs and coupon discount) is correct&#xD;
Successfully logged out&#xD;
Cart is cleared</StdOut>
      </Output>
    </UnitTestResult>
  </Results>
  <TestDefinitions>
    <UnitTest name="TestCase1" storage="c:\users\nethmawimalasuriya\source\repos\e-commerce.final.project\e-commerce.final.project\bin\debug\net6.0\e-commerce.final.project.dll" id="c422f37e-cfcc-9883-cf3d-a2be03938301">
      <Execution id="c95926fc-1d11-4fdf-a9d1-e826f65464c7" />
      <TestMethod codeBase="C:\Users\NethmaWimalasuriya\source\repos\e-Commerce.Final.Project\e-Commerce.Final.Project\bin\Debug\net6.0\e-Commerce.Final.Project.dll" adapterTypeName="executor://nunit3testexecutor/" className="e_Commerce.Final.Project.TestCaseOne" name="TestCase1" />
    </UnitTest>
    <UnitTest name="TestCase2" storage="c:\users\nethmawimalasuriya\source\repos\e-commerce.final.project\e-commerce.final.project\bin\debug\net6.0\e-commerce.final.project.dll" id="b79925cd-5a66-88ea-ec63-5bfca20dd92e">
      <Execution id="37cf1b07-9af3-4aa2-bd43-d5fdb2c3e22b" />
      <TestMethod codeBase="C:\Users\NethmaWimalasuriya\source\repos\e-Commerce.Final.Project\e-Commerce.Final.Project\bin\Debug\net6.0\e-Commerce.Final.Project.dll" adapterTypeName="executor://nunit3testexecutor/" className="e_Commerce.Final.Project.TestCases.TestCaseTwo" name="TestCase2" />
    </UnitTest>
  </TestDefinitions>
  <TestEntries>
    <TestEntry testId="b79925cd-5a66-88ea-ec63-5bfca20dd92e" executionId="37cf1b07-9af3-4aa2-bd43-d5fdb2c3e22b" testListId="8c84fa94-04c1-424b-9868-57a2d4851a1d" />
    <TestEntry testId="c422f37e-cfcc-9883-cf3d-a2be03938301" executionId="c95926fc-1d11-4fdf-a9d1-e826f65464c7" testListId="8c84fa94-04c1-424b-9868-57a2d4851a1d" />
  </TestEntries>
  <TestLists>
    <TestList name="Results Not in a List" id="8c84fa94-04c1-424b-9868-57a2d4851a1d" />
    <TestList name="All Loaded Results" id="19431567-8539-422a-85d7-44ee4e166bda" />
  </TestLists>
  <ResultSummary outcome="Completed">
    <Counters total="2" executed="2" passed="2" failed="0" error="0" timeout="0" aborted="0" inconclusive="0" passedButRunAborted="0" notRunnable="0" notExecuted="0" disconnected="0" warning="0" completed="0" inProgress="0" pending="0" />
    <Output>
      <StdOut>NUnit Adapter 4.3.1.0: Test execution started&#xD;
Running all tests in C:\Users\NethmaWimalasuriya\source\repos\e-Commerce.Final.Project\e-Commerce.Final.Project\bin\Debug\net6.0\e-Commerce.Final.Project.dll&#xD;
   NUnit3TestExecutor discovered 2 of 2 NUnit test cases using Current Discovery mode, Non-Explicit run&#xD;
NUnit Adapter 4.3.1.0: Test execution complete&#xD;
</StdOut>
    </Output>
    <RunInfos>
      <RunInfo computerName="NETHMA" outcome="Warning" timestamp="2023-02-27T09:01:46.6618804+00:00">
        <Text>Tests reports produced when ran in cmd and developer powershell&#xD;
Firefox Browser has opened&#xD;
New User registered successfully&#xD;
Attempt to login a registered user&#xD;
Login Success&#xD;
On the Shop page&#xD;
Starting search for an item of clothing&#xD;
Scrolling down to view the list of products&#xD;
The selected item of clothing (Belt) has been added to the Cart&#xD;
The coupon has been applied&#xD;
Actual discount calculated should be 8.25&#xD;
The correct discount has been applied - £8.25 has been deducted&#xD;
The total amount charged (including shipping costs and coupon discount) is correct&#xD;
Successfully logged out&#xD;
Cart is cleared&#xD;
</Text>
      </RunInfo>
      <RunInfo computerName="NETHMA" outcome="Warning" timestamp="2023-02-27T09:02:25.1824452+00:00">
        <Text>Tests reports produced when ran in cmd and developer powershell&#xD;
Firefox Browser has opened&#xD;
Attempt to login a registered user&#xD;
Login Success&#xD;
Starting search for an item of clothing&#xD;
Scrolling down to view the list of products&#xD;
The selected item of clothing (Hoodie with Pocket) has been added to the Cart&#xD;
Checkout page is displayed&#xD;
All billing details have been correctly inputted&#xD;
User has selected preferred payment method - 'check payments'&#xD;
Order has successfully been placed&#xD;
Order number is : 4988&#xD;
Screenshot taken - see report&#xD;
Order number is correctly displayed in the orders page under My account&#xD;
User has successfully logged out&#xD;
</Text>
      </RunInfo>
    </RunInfos>
  </ResultSummary>
</TestRun>